
＝＝＝＝＝＝＝＝＝＝ 
【日志级别】ERROR 
【记录时间】2016-12-26 10:43:47,375 
【线程编号】[6] 
【执行时间】[45]毫秒 
【出错文件】f:\FenDa\wap\App_Code\BasePage.cs 
【出错行号】187 
【出错的类】Jnwf.Utils.Log.Logger 属性[(null)] 
【错误描述】App_Code-Basepage：正在中止线程。|System.Collections.ListDictionaryInternal 
【错误详情】

＝＝＝＝＝＝＝＝＝＝ 
【日志级别】ERROR 
【记录时间】2016-12-26 10:58:32,181 
【线程编号】[6] 
【执行时间】[56]毫秒 
【出错文件】f:\FenDa\wap\App_Code\Thumbnail.cs 
【出错行号】223 
【出错的类】Jnwf.Utils.Log.Logger 属性[(null)] 
【错误描述】error:uploadQinui:未能加载文件或程序集“Newtonsoft.Json, Version=4.5.0.0, Culture=neutral, PublicKeyToken=30ad4fe6b2a6aeed”或它的某一个依赖项。系统找不到指定的文件。| 
【错误详情】

＝＝＝＝＝＝＝＝＝＝ 
【日志级别】ERROR 
【记录时间】2016-12-26 12:03:35,277 
【线程编号】[10] 
【执行时间】[42]毫秒 
【出错文件】f:\FenDa\wap\App_Code\Thumbnail.cs 
【出错行号】223 
【出错的类】Jnwf.Utils.Log.Logger 属性[(null)] 
【错误描述】error:uploadQinui:未能加载文件或程序集“Newtonsoft.Json, Version=4.5.0.0, Culture=neutral, PublicKeyToken=30ad4fe6b2a6aeed”或它的某一个依赖项。系统找不到指定的文件。| 
【错误详情】

＝＝＝＝＝＝＝＝＝＝ 
【日志级别】ERROR 
【记录时间】2016-12-26 12:04:29,848 
【线程编号】[12] 
【执行时间】[54613]毫秒 
【出错文件】f:\FenDa\wap\App_Code\Thumbnail.cs 
【出错行号】223 
【出错的类】Jnwf.Utils.Log.Logger 属性[(null)] 
【错误描述】error:uploadQinui:未能加载文件或程序集“Newtonsoft.Json, Version=4.5.0.0, Culture=neutral, PublicKeyToken=30ad4fe6b2a6aeed”或它的某一个依赖项。系统找不到指定的文件。| 
【错误详情】
