
＝＝＝＝＝＝＝＝＝＝ 
【日志级别】ERROR 
【记录时间】2016-12-08 14:21:49,346 
【线程编号】[1419] 
【执行时间】[104634672]毫秒 
【出错文件】c:\FenDa\wap\App_Code\BasePage.cs 
【出错行号】140 
【出错的类】Jnwf.Utils.Log.Logger 属性[(null)] 
【错误描述】BasePage,jinru:url 
【错误详情】

＝＝＝＝＝＝＝＝＝＝ 
【日志级别】ERROR 
【记录时间】2016-12-08 14:21:50,113 
【线程编号】[1419] 
【执行时间】[104635440]毫秒 
【出错文件】c:\FenDa\wap\App_Code\BasePage.cs 
【出错行号】166 
【出错的类】Jnwf.Utils.Log.Logger 属性[(null)] 
【错误描述】App_Code-Basepage：正在中止线程。|System.Collections.ListDictionaryInternal 
【错误详情】

＝＝＝＝＝＝＝＝＝＝ 
【日志级别】ERROR 
【记录时间】2016-12-08 14:29:58,982 
【线程编号】[1414] 
【执行时间】[105124308]毫秒 
【出错文件】c:\FenDa\wap\App_Code\BasePage.cs 
【出错行号】140 
【出错的类】Jnwf.Utils.Log.Logger 属性[(null)] 
【错误描述】BasePage,jinru:url 
【错误详情】

＝＝＝＝＝＝＝＝＝＝ 
【日志级别】ERROR 
【记录时间】2016-12-08 14:29:58,984 
【线程编号】[1414] 
【执行时间】[105124310]毫秒 
【出错文件】c:\FenDa\wap\App_Code\BasePage.cs 
【出错行号】166 
【出错的类】Jnwf.Utils.Log.Logger 属性[(null)] 
【错误描述】App_Code-Basepage：正在中止线程。|System.Collections.ListDictionaryInternal 
【错误详情】
